# This is the CMakeCache file.
# For build in directory: /Users/maartenscherpenisse/zephyrproject/app/esp32-zephyr-ssd1306-tutorialzephyr_esp32_ssd1306_yt5/build
# It was generated by CMake: /opt/homebrew/Cellar/cmake/3.29.1/bin/cmake
# You can edit this file to change values found and used by cmake.
# If you do not want to change any of the values, simply exit the editor.
# If you do want to change a value, simply edit, save, and exit the editor.
# The syntax for the file is as follows:
# KEY:TYPE=VALUE
# KEY is the name of a variable in the cache.
# TYPE is a hint to GUIs for the type of VALUE, DO NOT EDIT TYPE!.
# VALUE is the current value for the KEY.

########################
# EXTERNAL cache entries
########################

//Application Binary Directory
APPLICATION_BINARY_DIR:PATH=/Users/maartenscherpenisse/zephyrproject/app/esp32-zephyr-ssd1306-tutorialzephyr_esp32_ssd1306_yt5/build

//Application Source Directory
APPLICATION_SOURCE_DIR:PATH=/Users/maartenscherpenisse/zephyrproject/app/esp32-zephyr-ssd1306-tutorialzephyr_esp32_ssd1306_yt5

//Selected board
BOARD:STRING=esp32_devkitc_wrover

//Deprecated BOARD, provided by user
BOARD_DEPRECATED:STRING=esp32_devkitc_wrover

//Selected board
CACHED_BOARD:STRING=esp32_devkitc_wrover

//Path to a program.
CCACHE_FOUND:FILEPATH=/opt/homebrew/bin/ccache

//No help, variable specified on the command line.
CMAKE_BUILD_TYPE:STRING=Debug

//No help, variable specified on the command line.
CMAKE_CXX_COMPILER:FILEPATH=/usr/bin/clang++

//No help, variable specified on the command line.
CMAKE_C_COMPILER:FILEPATH=/usr/bin/clang

//No help, variable specified on the command line.
CMAKE_EXPORT_COMPILE_COMMANDS:BOOL=TRUE

//Value Computed by CMake.
CMAKE_FIND_PACKAGE_REDIRECTS_DIR:STATIC=/Users/maartenscherpenisse/zephyrproject/app/esp32-zephyr-ssd1306-tutorialzephyr_esp32_ssd1306_yt5/build/CMakeFiles/pkgRedirects

//Path to a program.
Python3_EXECUTABLE:FILEPATH=/usr/local/opt/python/libexec/bin/python

//Zephyr base
ZEPHYR_BASE:PATH=/Users/maartenscherpenisse/zephyrproject/zephyr

//The directory containing a CMake configuration file for ZephyrAppConfiguration.
ZephyrAppConfiguration_DIR:PATH=ZephyrAppConfiguration_DIR-NOTFOUND

//The directory containing a CMake configuration file for ZephyrBuildConfiguration.
ZephyrBuildConfiguration_DIR:PATH=ZephyrBuildConfiguration_DIR-NOTFOUND

//The directory containing a CMake configuration file for Zephyr.
Zephyr_DIR:PATH=/Users/maartenscherpenisse/zephyrproject/zephyr/share/zephyr-package/cmake


########################
# INTERNAL cache entries
########################

//This is the directory where this CMakeCache.txt was created
CMAKE_CACHEFILE_DIR:INTERNAL=/Users/maartenscherpenisse/zephyrproject/app/esp32-zephyr-ssd1306-tutorialzephyr_esp32_ssd1306_yt5/build
//Major version of cmake used to create the current loaded cache
CMAKE_CACHE_MAJOR_VERSION:INTERNAL=3
//Minor version of cmake used to create the current loaded cache
CMAKE_CACHE_MINOR_VERSION:INTERNAL=29
//Patch version of cmake used to create the current loaded cache
CMAKE_CACHE_PATCH_VERSION:INTERNAL=1
//Path to CMake executable.
CMAKE_COMMAND:INTERNAL=/opt/homebrew/Cellar/cmake/3.29.1/bin/cmake
//Path to cpack program executable.
CMAKE_CPACK_COMMAND:INTERNAL=/opt/homebrew/Cellar/cmake/3.29.1/bin/cpack
//Path to ctest program executable.
CMAKE_CTEST_COMMAND:INTERNAL=/opt/homebrew/Cellar/cmake/3.29.1/bin/ctest
//Name of external makefile project generator.
CMAKE_EXTRA_GENERATOR:INTERNAL=
//Name of generator.
CMAKE_GENERATOR:INTERNAL=Ninja
//Generator instance identifier.
CMAKE_GENERATOR_INSTANCE:INTERNAL=
//Name of generator platform.
CMAKE_GENERATOR_PLATFORM:INTERNAL=
//Name of generator toolset.
CMAKE_GENERATOR_TOOLSET:INTERNAL=
//Source directory with the top level CMakeLists.txt file for this
// project
CMAKE_HOME_DIRECTORY:INTERNAL=/Users/maartenscherpenisse/zephyrproject/app/esp32-zephyr-ssd1306-tutorialzephyr_esp32_ssd1306_yt5
//number of local generators
CMAKE_NUMBER_OF_MAKEFILES:INTERNAL=1
//Path to CMake installation.
CMAKE_ROOT:INTERNAL=/opt/homebrew/Cellar/cmake/3.29.1/share/cmake
//Details about finding Python3
FIND_PACKAGE_MESSAGE_DETAILS_Python3:INTERNAL=[/usr/local/opt/python/libexec/bin/python][cfound components: Interpreter ][v3.12.2(3.8)]
//West
WEST:INTERNAL=WEST-NOTFOUND
//Compiler reason failure
_Python3_Compiler_REASON_FAILURE:INTERNAL=
//Development reason failure
_Python3_Development_REASON_FAILURE:INTERNAL=
_Python3_EXECUTABLE:INTERNAL=/usr/local/opt/python/libexec/bin/python
//Python3 Properties
_Python3_INTERPRETER_PROPERTIES:INTERNAL=Python;3;12;2;64;;cpython-312-darwin.so;abi3;/usr/local/opt/python@3.12/Frameworks/Python.framework/Versions/3.12/lib/python3.12;/usr/local/opt/python@3.12/Frameworks/Python.framework/Versions/3.12/lib/python3.12;/usr/local/lib/python3.12/site-packages;/usr/local/lib/python3.12/site-packages
_Python3_INTERPRETER_SIGNATURE:INTERNAL=f8493c2c24f5a05bbd29d8f4d54997a7
//Interpreter reason failure
_Python3_Interpreter_REASON_FAILURE:INTERNAL=
//NumPy reason failure
_Python3_NumPy_REASON_FAILURE:INTERNAL=

